<?xml version="1.0" encoding="UTF-8"?>
<!-- Generated by org.testng.reporters.JUnitXMLReporter -->
<testsuite ignored="0" hostname="DESKTOP-K295T7A" failures="0" tests="4" name="Test" time="0.095" errors="0" timestamp="2022-05-25T11:13:27 IST">
  <testcase classname="examples.selandtestng.Two" name="fourth" time="0.0"/>
  <testcase classname="examples.selandtestng.Two" name="third" time="0.0"/>
  <testcase classname="examples.selandtestng.One" name="first" time="0.0"/>
  <testcase classname="examples.selandtestng.One" name="second" time="0.0"/>
</testsuite> <!-- Test -->
