<?xml version="1.0" encoding="UTF-8"?>
<testng-results ignored="0" total="8" passed="8" failed="0" skipped="0">
  <reporter-output>
  </reporter-output>
  <suite started-at="2022-05-22T18:13:09 IST" name="first" finished-at="2022-05-22T18:13:09 IST" duration-ms="172">
    <groups>
    </groups>
    <test started-at="2022-05-22T18:13:09 IST" name="Test" finished-at="2022-05-22T18:13:09 IST" duration-ms="64">
      <class name="examples.One">
        <test-method signature="first()[pri:0, instance:examples.One@bef2d72]" started-at="2022-05-22T18:13:09 IST" name="first" finished-at="2022-05-22T18:13:09 IST" duration-ms="8" status="PASS">
          <reporter-output>
          </reporter-output>
        </test-method> <!-- first -->
        <test-method signature="second()[pri:0, instance:examples.One@bef2d72]" started-at="2022-05-22T18:13:09 IST" name="second" finished-at="2022-05-22T18:13:09 IST" duration-ms="3" status="PASS">
          <reporter-output>
          </reporter-output>
        </test-method> <!-- second -->
      </class> <!-- examples.One -->
      <class name="examples.Two">
        <test-method signature="fourth()[pri:0, instance:examples.Two@5223e5ee]" started-at="2022-05-22T18:13:09 IST" name="fourth" finished-at="2022-05-22T18:13:09 IST" duration-ms="2" status="PASS">
          <reporter-output>
          </reporter-output>
        </test-method> <!-- fourth -->
        <test-method signature="third()[pri:0, instance:examples.Two@5223e5ee]" started-at="2022-05-22T18:13:09 IST" name="third" finished-at="2022-05-22T18:13:09 IST" duration-ms="3" status="PASS">
          <reporter-output>
          </reporter-output>
        </test-method> <!-- third -->
      </class> <!-- examples.Two -->
    </test> <!-- Test -->
    <test started-at="2022-05-22T18:13:09 IST" name="Test1" finished-at="2022-05-22T18:13:09 IST" duration-ms="19">
      <class name="examples.Four">
        <test-method is-config="true" signature="beforeMethod()[pri:0, instance:examples.Four@50a638b5]" started-at="2022-05-22T18:13:09 IST" name="beforeMethod" finished-at="2022-05-22T18:13:09 IST" duration-ms="0" status="PASS">
          <reporter-output>
          </reporter-output>
        </test-method> <!-- beforeMethod -->
        <test-method signature="eigth()[pri:0, instance:examples.Four@50a638b5]" started-at="2022-05-22T18:13:09 IST" name="eigth" finished-at="2022-05-22T18:13:09 IST" duration-ms="2" status="PASS">
          <reporter-output>
          </reporter-output>
        </test-method> <!-- eigth -->
        <test-method is-config="true" signature="afterMethod()[pri:0, instance:examples.Four@50a638b5]" started-at="2022-05-22T18:13:09 IST" name="afterMethod" finished-at="2022-05-22T18:13:09 IST" duration-ms="0" status="PASS">
          <reporter-output>
          </reporter-output>
        </test-method> <!-- afterMethod -->
        <test-method signature="seventh()[pri:0, instance:examples.Four@50a638b5]" started-at="2022-05-22T18:13:09 IST" name="seventh" finished-at="2022-05-22T18:13:09 IST" duration-ms="2" status="PASS">
          <reporter-output>
          </reporter-output>
        </test-method> <!-- seventh -->
        <test-method is-config="true" signature="beforeMethod()[pri:0, instance:examples.Four@50a638b5]" started-at="2022-05-22T18:13:09 IST" name="beforeMethod" finished-at="2022-05-22T18:13:09 IST" duration-ms="0" status="PASS">
          <reporter-output>
          </reporter-output>
        </test-method> <!-- beforeMethod -->
        <test-method is-config="true" signature="afterMethod()[pri:0, instance:examples.Four@50a638b5]" started-at="2022-05-22T18:13:09 IST" name="afterMethod" finished-at="2022-05-22T18:13:09 IST" duration-ms="0" status="PASS">
          <reporter-output>
          </reporter-output>
        </test-method> <!-- afterMethod -->
        <test-method is-config="true" signature="afterTest()[pri:0, instance:examples.Four@50a638b5]" started-at="2022-05-22T18:13:09 IST" name="afterTest" finished-at="2022-05-22T18:13:09 IST" duration-ms="0" status="PASS">
          <reporter-output>
          </reporter-output>
        </test-method> <!-- afterTest -->
      </class> <!-- examples.Four -->
      <class name="examples.Three">
        <test-method is-config="true" signature="beforeTest()[pri:0, instance:examples.Three@636be97c]" started-at="2022-05-22T18:13:09 IST" name="beforeTest" finished-at="2022-05-22T18:13:09 IST" duration-ms="0" status="PASS">
          <reporter-output>
          </reporter-output>
        </test-method> <!-- beforeTest -->
        <test-method signature="fifth()[pri:0, instance:examples.Three@636be97c]" started-at="2022-05-22T18:13:09 IST" name="fifth" finished-at="2022-05-22T18:13:09 IST" duration-ms="1" status="PASS">
          <reporter-output>
          </reporter-output>
        </test-method> <!-- fifth -->
        <test-method signature="sixth()[pri:0, instance:examples.Three@636be97c]" started-at="2022-05-22T18:13:09 IST" name="sixth" finished-at="2022-05-22T18:13:09 IST" duration-ms="1" status="PASS">
          <reporter-output>
          </reporter-output>
        </test-method> <!-- sixth -->
        <test-method is-config="true" signature="atTheEnd()[pri:0, instance:examples.Three@636be97c]" started-at="2022-05-22T18:13:09 IST" name="atTheEnd" finished-at="2022-05-22T18:13:09 IST" duration-ms="0" status="PASS">
          <reporter-output>
          </reporter-output>
        </test-method> <!-- atTheEnd -->
      </class> <!-- examples.Three -->
      <class name="examples.Two">
        <test-method is-config="true" signature="atBeginning()[pri:0, instance:examples.Two@5223e5ee]" started-at="2022-05-22T18:13:09 IST" name="atBeginning" finished-at="2022-05-22T18:13:09 IST" duration-ms="11" status="PASS">
          <reporter-output>
          </reporter-output>
        </test-method> <!-- atBeginning -->
      </class> <!-- examples.Two -->
    </test> <!-- Test1 -->
  </suite> <!-- first -->
</testng-results>
