-------------------------------------------------------------------------------
Test set: TestSuite
-------------------------------------------------------------------------------
Tests run: 4, Failures: 1, Errors: 0, Skipped: 0, Time elapsed: 45.83 s <<< FAILURE! - in TestSuite
loginPageTest(examples.endtoendframework.TestMain)  Time elapsed: 20.262 s  <<< FAILURE!
java.lang.AssertionError: expected [true] but found [false]
	at examples.endtoendframework.TestMain.loginPageTest(TestMain.java:53)

