<?xml version="1.0" encoding="UTF-8"?>
<testng-results ignored="0" total="2" passed="2" failed="0" skipped="0">
  <reporter-output>
  </reporter-output>
  <suite started-at="2022-05-25T11:16:14 IST" name="Surefire suite" finished-at="2022-05-25T11:16:14 IST" duration-ms="47">
    <groups>
    </groups>
    <test started-at="2022-05-25T11:16:14 IST" name="Surefire test" finished-at="2022-05-25T11:16:14 IST" duration-ms="47">
      <class name="examples.selandtestng.Two">
        <test-method signature="fourth()[pri:0, instance:examples.selandtestng.Two@76b10754]" started-at="2022-05-25T11:16:14 IST" name="fourth" finished-at="2022-05-25T11:16:14 IST" duration-ms="0" status="PASS">
          <reporter-output>
          </reporter-output>
        </test-method> <!-- fourth -->
        <test-method signature="third()[pri:0, instance:examples.selandtestng.Two@76b10754]" started-at="2022-05-25T11:16:14 IST" name="third" finished-at="2022-05-25T11:16:14 IST" duration-ms="0" status="PASS">
          <reporter-output>
          </reporter-output>
        </test-method> <!-- third -->
      </class> <!-- examples.selandtestng.Two -->
    </test> <!-- Surefire test -->
  </suite> <!-- Surefire suite -->
</testng-results>
