<?xml version="1.0" encoding="UTF-8"?>
<testng-results ignored="0" total="2" passed="2" failed="0" skipped="0">
  <reporter-output>
  </reporter-output>
  <suite started-at="2022-05-26T20:44:26 IST" name="Default suite" finished-at="2022-05-26T20:44:34 IST" duration-ms="7507">
    <groups>
    </groups>
    <test started-at="2022-05-26T20:44:26 IST" name="Default test" finished-at="2022-05-26T20:44:34 IST" duration-ms="7507">
      <class name="examples.reportgeneration.ReportExample">
        <test-method is-config="true" signature="config()[pri:0, instance:examples.reportgeneration.ReportExample@10683d9d]" started-at="2022-05-26T20:44:26 IST" name="config" finished-at="2022-05-26T20:44:27 IST" duration-ms="446" status="PASS">
          <reporter-output>
          </reporter-output>
        </test-method> <!-- config -->
        <test-method signature="exTest()[pri:0, instance:examples.reportgeneration.ReportExample@10683d9d]" started-at="2022-05-26T20:44:27 IST" name="exTest" finished-at="2022-05-26T20:44:31 IST" duration-ms="4728" status="PASS">
          <reporter-output>
          </reporter-output>
        </test-method> <!-- exTest -->
        <test-method signature="exampleTest()[pri:0, instance:examples.reportgeneration.ReportExample@10683d9d]" started-at="2022-05-26T20:44:31 IST" name="exampleTest" finished-at="2022-05-26T20:44:34 IST" duration-ms="2254" status="PASS">
          <reporter-output>
          </reporter-output>
        </test-method> <!-- exampleTest -->
      </class> <!-- examples.reportgeneration.ReportExample -->
    </test> <!-- Default test -->
  </suite> <!-- Default suite -->
</testng-results>
