<?xml version="1.0" encoding="UTF-8"?>
<!-- Generated by org.testng.reporters.JUnitXMLReporter -->
<testsuite ignored="0" hostname="DESKTOP-K295T7A" failures="0" tests="2" name="Default test" time="6.548" errors="0" timestamp="2022-05-31T19:28:36 IST">
  <testcase classname="examples.endtoendframework.GreenKartTest" name="testVegitablePrice" time="3.674"/>
  <testcase classname="examples.endtoendframework.GreenKartTest" name="testVegitablePrice" time="2.733"/>
</testsuite> <!-- Default test -->
