<?xml version="1.0" encoding="UTF-8"?>
<!-- Generated by org.testng.reporters.JUnitXMLReporter -->
<testsuite ignored="0" hostname="DESKTOP-K295T7A" failures="0" tests="4" name="Test" time="0.064" errors="0" timestamp="2022-05-22T18:13:09 IST">
  <testcase classname="examples.One" name="first" time="0.008"/>
  <testcase classname="examples.One" name="second" time="0.003"/>
  <testcase classname="examples.Two" name="fourth" time="0.002"/>
  <testcase classname="examples.Two" name="third" time="0.003"/>
</testsuite> <!-- Test -->
