<?xml version="1.0" encoding="UTF-8"?>
<!-- Generated by org.testng.reporters.JUnitXMLReporter -->
<testsuite ignored="0" hostname="DESKTOP-K295T7A" failures="0" tests="4" name="Test1" time="0.019" errors="0" timestamp="2022-05-22T18:13:09 IST">
  <testcase classname="examples.Three" name="fifth" time="0.001"/>
  <testcase classname="examples.Three" name="sixth" time="0.001"/>
  <testcase classname="examples.Four" name="eigth" time="0.002"/>
  <testcase classname="examples.Four" name="seventh" time="0.002"/>
</testsuite> <!-- Test1 -->
