<?xml version="1.0" encoding="UTF-8"?>
<testng-results ignored="0" total="1" passed="1" failed="0" skipped="0">
  <reporter-output>
  </reporter-output>
  <suite started-at="2022-06-06T23:18:50 IST" name="Suite" finished-at="2022-06-06T23:19:01 IST" duration-ms="10452">
    <groups>
    </groups>
    <test started-at="2022-06-06T23:18:50 IST" name="Test" finished-at="2022-06-06T23:19:01 IST" duration-ms="10452">
      <class name="com.exampleselegrid.TestExample">
        <test-method signature="googleTest()[pri:0, instance:com.exampleselegrid.TestExample@2f7c2f4f]" started-at="2022-06-06T23:18:50 IST" name="googleTest" finished-at="2022-06-06T23:19:01 IST" duration-ms="10419" status="PASS">
          <reporter-output>
          </reporter-output>
        </test-method> <!-- googleTest -->
      </class> <!-- com.exampleselegrid.TestExample -->
    </test> <!-- Test -->
  </suite> <!-- Suite -->
</testng-results>
