<?xml version="1.0" encoding="UTF-8"?>
<testng-results ignored="0" total="1" passed="1" failed="0" skipped="0">
  <reporter-output>
  </reporter-output>
  <suite started-at="2022-06-08T22:02:00 IST" name="Default suite" finished-at="2022-06-08T22:02:04 IST" duration-ms="3920">
    <groups>
    </groups>
    <test started-at="2022-06-08T22:02:00 IST" name="Default test" finished-at="2022-06-08T22:02:04 IST" duration-ms="3920">
      <class name="com.example.TestEx">
        <test-method signature="demo()[pri:0, instance:com.example.TestEx@7f552bd3]" started-at="2022-06-08T22:02:00 IST" name="demo" finished-at="2022-06-08T22:02:04 IST" duration-ms="3873" status="PASS">
          <reporter-output>
          </reporter-output>
        </test-method> <!-- demo -->
      </class> <!-- com.example.TestEx -->
    </test> <!-- Default test -->
  </suite> <!-- Default suite -->
</testng-results>
