<?xml version="1.0" encoding="UTF-8"?>
<testng-results ignored="0" total="1" passed="1" failed="0" skipped="0">
  <reporter-output>
  </reporter-output>
  <suite started-at="2022-05-29T20:04:00 IST" name="Default suite" finished-at="2022-05-29T20:04:21 IST" duration-ms="21703">
    <groups>
    </groups>
    <test started-at="2022-05-29T20:04:00 IST" name="Default test" finished-at="2022-05-29T20:04:21 IST" duration-ms="21703">
      <class name="examples.pagemodelex.Test">
        <test-method signature="testing()[pri:0, instance:examples.pagemodelex.Test@460d0a57]" started-at="2022-05-29T20:04:00 IST" name="testing" finished-at="2022-05-29T20:04:21 IST" duration-ms="21653" status="PASS">
          <reporter-output>
          </reporter-output>
        </test-method> <!-- testing -->
      </class> <!-- examples.pagemodelex.Test -->
    </test> <!-- Default test -->
  </suite> <!-- Default suite -->
</testng-results>
